<?xml version="1.0" encoding="UTF-8"?>
<testsuite xmlns:xsi="http://www.w3.org/2001/XMLSchema-instance" xsi:noNamespaceSchemaLocation="https://maven.apache.org/surefire/maven-surefire-plugin/xsd/surefire-test-report.xsd" version="3.0.2" name="giovanna.projeto.livraria1.src.util.ConnectionFactoryTest" time="0.254" tests="1" errors="0" skipped="0" failures="0">
  <properties>
    <property name="java.specification.version" value="17"/>
    <property name="sun.cpu.isalist" value="amd64"/>
    <property name="sun.jnu.encoding" value="Cp1252"/>
    <property name="java.class.path" value="C:\Users\giova\Documents\SistemaDeGerenciamentoDeLivraria-main\Documents\Livraria1\target\test-classes;C:\Users\giova\Documents\SistemaDeGerenciamentoDeLivraria-main\Documents\Livraria1\target\classes;C:\Users\giova\.m2\repository\com\fasterxml\jackson\core\jackson-databind\2.18.2\jackson-databind-2.18.2.jar;C:\Users\giova\.m2\repository\com\fasterxml\jackson\core\jackson-annotations\2.18.2\jackson-annotations-2.18.2.jar;C:\Users\giova\.m2\repository\com\fasterxml\jackson\core\jackson-core\2.18.2\jackson-core-2.18.2.jar;C:\Users\giova\.m2\repository\org\postgresql\postgresql\42.7.4\postgresql-42.7.4.jar;C:\Users\giova\.m2\repository\org\checkerframework\checker-qual\3.42.0\checker-qual-3.42.0.jar;C:\Users\giova\.m2\repository\org\junit\jupiter\junit-jupiter-params\5.11.4\junit-jupiter-params-5.11.4.jar;C:\Users\giova\.m2\repository\org\junit\jupiter\junit-jupiter-api\5.11.4\junit-jupiter-api-5.11.4.jar;C:\Users\giova\.m2\repository\org\opentest4j\opentest4j\1.3.0\opentest4j-1.3.0.jar;C:\Users\giova\.m2\repository\org\junit\platform\junit-platform-commons\1.11.4\junit-platform-commons-1.11.4.jar;C:\Users\giova\.m2\repository\org\apiguardian\apiguardian-api\1.1.2\apiguardian-api-1.1.2.jar;C:\Users\giova\.m2\repository\org\junit\jupiter\junit-jupiter-engine\5.11.4\junit-jupiter-engine-5.11.4.jar;C:\Users\giova\.m2\repository\org\junit\platform\junit-platform-engine\1.11.4\junit-platform-engine-1.11.4.jar;C:\Users\giova\.m2\repository\commons-lang\commons-lang\2.6\commons-lang-2.6.jar;C:\Users\giova\.m2\repository\com\toedter\jcalendar\1.4\jcalendar-1.4.jar;C:\Users\giova\.m2\repository\ch\digitalfondue\basicxlsx\basicxlsx\0.7.1\basicxlsx-0.7.1.jar;C:\Users\giova\.m2\repository\javax\javaee-api\8.0.1\javaee-api-8.0.1.jar;C:\Users\giova\.m2\repository\com\sun\mail\javax.mail\1.6.2\javax.mail-1.6.2.jar;C:\Users\giova\.m2\repository\javax\activation\activation\1.1\activation-1.1.jar;C:\Users\giova\.m2\repository\org\springframework\boot\spring-boot-starter-data-jpa\3.4.1\spring-boot-starter-data-jpa-3.4.1.jar;C:\Users\giova\.m2\repository\org\springframework\boot\spring-boot-starter\3.4.1\spring-boot-starter-3.4.1.jar;C:\Users\giova\.m2\repository\org\springframework\boot\spring-boot\3.4.1\spring-boot-3.4.1.jar;C:\Users\giova\.m2\repository\org\springframework\boot\spring-boot-autoconfigure\3.4.1\spring-boot-autoconfigure-3.4.1.jar;C:\Users\giova\.m2\repository\org\springframework\boot\spring-boot-starter-logging\3.4.1\spring-boot-starter-logging-3.4.1.jar;C:\Users\giova\.m2\repository\ch\qos\logback\logback-classic\1.5.12\logback-classic-1.5.12.jar;C:\Users\giova\.m2\repository\ch\qos\logback\logback-core\1.5.12\logback-core-1.5.12.jar;C:\Users\giova\.m2\repository\org\apache\logging\log4j\log4j-to-slf4j\2.24.3\log4j-to-slf4j-2.24.3.jar;C:\Users\giova\.m2\repository\org\slf4j\jul-to-slf4j\2.0.16\jul-to-slf4j-2.0.16.jar;C:\Users\giova\.m2\repository\jakarta\annotation\jakarta.annotation-api\2.1.1\jakarta.annotation-api-2.1.1.jar;C:\Users\giova\.m2\repository\org\springframework\spring-core\6.2.1\spring-core-6.2.1.jar;C:\Users\giova\.m2\repository\org\springframework\spring-jcl\6.2.1\spring-jcl-6.2.1.jar;C:\Users\giova\.m2\repository\org\yaml\snakeyaml\2.3\snakeyaml-2.3.jar;C:\Users\giova\.m2\repository\org\springframework\boot\spring-boot-starter-jdbc\3.4.1\spring-boot-starter-jdbc-3.4.1.jar;C:\Users\giova\.m2\repository\com\zaxxer\HikariCP\5.1.0\HikariCP-5.1.0.jar;C:\Users\giova\.m2\repository\org\springframework\spring-jdbc\6.2.1\spring-jdbc-6.2.1.jar;C:\Users\giova\.m2\repository\org\hibernate\orm\hibernate-core\6.6.4.Final\hibernate-core-6.6.4.Final.jar;C:\Users\giova\.m2\repository\org\hibernate\common\hibernate-commons-annotations\7.0.3.Final\hibernate-commons-annotations-7.0.3.Final.jar;C:\Users\giova\.m2\repository\com\fasterxml\classmate\1.7.0\classmate-1.7.0.jar;C:\Users\giova\.m2\repository\net\bytebuddy\byte-buddy\1.15.11\byte-buddy-1.15.11.jar;C:\Users\giova\.m2\repository\org\glassfish\jaxb\jaxb-runtime\4.0.5\jaxb-runtime-4.0.5.jar;C:\Users\giova\.m2\repository\org\glassfish\jaxb\jaxb-core\4.0.5\jaxb-core-4.0.5.jar;C:\Users\giova\.m2\repository\org\eclipse\angus\angus-activation\2.0.2\angus-activation-2.0.2.jar;C:\Users\giova\.m2\repository\org\glassfish\jaxb\txw2\4.0.5\txw2-4.0.5.jar;C:\Users\giova\.m2\repository\com\sun\istack\istack-commons-runtime\4.1.2\istack-commons-runtime-4.1.2.jar;C:\Users\giova\.m2\repository\jakarta\inject\jakarta.inject-api\2.0.1\jakarta.inject-api-2.0.1.jar;C:\Users\giova\.m2\repository\org\antlr\antlr4-runtime\4.13.0\antlr4-runtime-4.13.0.jar;C:\Users\giova\.m2\repository\org\springframework\data\spring-data-jpa\3.4.1\spring-data-jpa-3.4.1.jar;C:\Users\giova\.m2\repository\org\springframework\data\spring-data-commons\3.4.1\spring-data-commons-3.4.1.jar;C:\Users\giova\.m2\repository\org\springframework\spring-orm\6.2.1\spring-orm-6.2.1.jar;C:\Users\giova\.m2\repository\org\springframework\spring-context\6.2.1\spring-context-6.2.1.jar;C:\Users\giova\.m2\repository\org\springframework\spring-expression\6.2.1\spring-expression-6.2.1.jar;C:\Users\giova\.m2\repository\io\micrometer\micrometer-observation\1.14.2\micrometer-observation-1.14.2.jar;C:\Users\giova\.m2\repository\io\micrometer\micrometer-commons\1.14.2\micrometer-commons-1.14.2.jar;C:\Users\giova\.m2\repository\org\springframework\spring-aop\6.2.1\spring-aop-6.2.1.jar;C:\Users\giova\.m2\repository\org\springframework\spring-tx\6.2.1\spring-tx-6.2.1.jar;C:\Users\giova\.m2\repository\org\springframework\spring-beans\6.2.1\spring-beans-6.2.1.jar;C:\Users\giova\.m2\repository\org\slf4j\slf4j-api\2.0.16\slf4j-api-2.0.16.jar;C:\Users\giova\.m2\repository\org\springframework\spring-aspects\6.2.1\spring-aspects-6.2.1.jar;C:\Users\giova\.m2\repository\org\aspectj\aspectjweaver\1.9.22.1\aspectjweaver-1.9.22.1.jar;C:\Users\giova\.m2\repository\org\hibernate\search\hibernate-search-mapper-orm\8.0.0.Alpha1\hibernate-search-mapper-orm-8.0.0.Alpha1.jar;C:\Users\giova\.m2\repository\org\hibernate\search\hibernate-search-engine\8.0.0.Alpha1\hibernate-search-engine-8.0.0.Alpha1.jar;C:\Users\giova\.m2\repository\org\hibernate\search\hibernate-search-mapper-pojo-base\8.0.0.Alpha1\hibernate-search-mapper-pojo-base-8.0.0.Alpha1.jar;C:\Users\giova\.m2\repository\org\hibernate\search\hibernate-search-util-common\8.0.0.Alpha1\hibernate-search-util-common-8.0.0.Alpha1.jar;C:\Users\giova\.m2\repository\org\hibernate\models\hibernate-models\0.9.3\hibernate-models-0.9.3.jar;C:\Users\giova\.m2\repository\org\hibernate\models\hibernate-models-jandex\0.9.3\hibernate-models-jandex-0.9.3.jar;C:\Users\giova\.m2\repository\jakarta\persistence\jakarta.persistence-api\3.1.0\jakarta.persistence-api-3.1.0.jar;C:\Users\giova\.m2\repository\jakarta\transaction\jakarta.transaction-api\2.0.1\jakarta.transaction-api-2.0.1.jar;C:\Users\giova\.m2\repository\io\smallrye\jandex\3.2.3\jandex-3.2.3.jar;C:\Users\giova\.m2\repository\org\jboss\logging\jboss-logging\3.6.1.Final\jboss-logging-3.6.1.Final.jar;C:\Users\giova\.m2\repository\jakarta\xml\bind\jakarta.xml.bind-api\4.0.2\jakarta.xml.bind-api-4.0.2.jar;C:\Users\giova\.m2\repository\jakarta\activation\jakarta.activation-api\2.1.3\jakarta.activation-api-2.1.3.jar;C:\Users\giova\.m2\repository\net\sf\jasperreports\jasperreports\7.0.1\jasperreports-7.0.1.jar;C:\Users\giova\.m2\repository\commons-logging\commons-logging\1.3.0\commons-logging-1.3.0.jar;C:\Users\giova\.m2\repository\org\apache\commons\commons-collections4\4.4\commons-collections4-4.4.jar;C:\Users\giova\.m2\repository\com\fasterxml\jackson\dataformat\jackson-dataformat-xml\2.18.2\jackson-dataformat-xml-2.18.2.jar;C:\Users\giova\.m2\repository\org\codehaus\woodstox\stax2-api\4.2.2\stax2-api-4.2.2.jar;C:\Users\giova\.m2\repository\com\fasterxml\woodstox\woodstox-core\7.0.0\woodstox-core-7.0.0.jar;C:\Users\giova\.m2\repository\org\apache\xmlgraphics\batik-anim\1.17\batik-anim-1.17.jar;C:\Users\giova\.m2\repository\org\apache\xmlgraphics\batik-ext\1.17\batik-ext-1.17.jar;C:\Users\giova\.m2\repository\org\apache\xmlgraphics\batik-parser\1.17\batik-parser-1.17.jar;C:\Users\giova\.m2\repository\org\apache\xmlgraphics\batik-shared-resources\1.17\batik-shared-resources-1.17.jar;C:\Users\giova\.m2\repository\org\apache\xmlgraphics\batik-bridge\1.17\batik-bridge-1.17.jar;C:\Users\giova\.m2\repository\org\apache\xmlgraphics\batik-script\1.17\batik-script-1.17.jar;C:\Users\giova\.m2\repository\org\apache\xmlgraphics\batik-xml\1.17\batik-xml-1.17.jar;C:\Users\giova\.m2\repository\org\apache\xmlgraphics\xmlgraphics-commons\2.9\xmlgraphics-commons-2.9.jar;C:\Users\giova\.m2\repository\org\apache\xmlgraphics\batik-dom\1.17\batik-dom-1.17.jar;C:\Users\giova\.m2\repository\org\apache\xmlgraphics\batik-svg-dom\1.17\batik-svg-dom-1.17.jar;C:\Users\giova\.m2\repository\org\apache\xmlgraphics\batik-awt-util\1.17\batik-awt-util-1.17.jar;C:\Users\giova\.m2\repository\org\apache\xmlgraphics\batik-gvt\1.17\batik-gvt-1.17.jar;C:\Users\giova\.m2\repository\org\apache\xmlgraphics\batik-util\1.17\batik-util-1.17.jar;C:\Users\giova\.m2\repository\org\apache\xmlgraphics\batik-i18n\1.17\batik-i18n-1.17.jar;C:\Users\giova\.m2\repository\org\apache\xmlgraphics\batik-constants\1.17\batik-constants-1.17.jar;C:\Users\giova\.m2\repository\org\apache\xmlgraphics\batik-css\1.17\batik-css-1.17.jar;C:\Users\giova\.m2\repository\xml-apis\xml-apis-ext\1.3.04\xml-apis-ext-1.3.04.jar;C:\Users\giova\.m2\repository\commons-beanutils\commons-beanutils\1.9.4\commons-beanutils-1.9.4.jar;C:\Users\giova\.m2\repository\commons-collections\commons-collections\3.2.2\commons-collections-3.2.2.jar;C:\Users\giova\.m2\repository\net\sf\jasperreports\jasperreports-pdf\7.0.1\jasperreports-pdf-7.0.1.jar;C:\Users\giova\.m2\repository\com\github\librepdf\openpdf\1.3.32\openpdf-1.3.32.jar;C:\Users\giova\.m2\repository\com\adobe\xmp\xmpcore\6.1.11\xmpcore-6.1.11.jar;C:\Users\giova\.m2\repository\net\sf\jasperreports\jasperreports-fonts\7.0.1\jasperreports-fonts-7.0.1.jar;C:\Users\giova\.m2\repository\org\apache\poi\poi\5.3.0\poi-5.3.0.jar;C:\Users\giova\.m2\repository\commons-codec\commons-codec\1.17.1\commons-codec-1.17.1.jar;C:\Users\giova\.m2\repository\org\apache\commons\commons-math3\3.6.1\commons-math3-3.6.1.jar;C:\Users\giova\.m2\repository\commons-io\commons-io\2.16.1\commons-io-2.16.1.jar;C:\Users\giova\.m2\repository\com\zaxxer\SparseBitSet\1.3\SparseBitSet-1.3.jar;C:\Users\giova\.m2\repository\org\apache\logging\log4j\log4j-api\2.24.3\log4j-api-2.24.3.jar;C:\Users\giova\.m2\repository\org\apache\poi\poi-ooxml\5.2.3\poi-ooxml-5.2.3.jar;C:\Users\giova\.m2\repository\org\apache\poi\poi-ooxml-lite\5.2.3\poi-ooxml-lite-5.2.3.jar;C:\Users\giova\.m2\repository\com\github\virtuald\curvesapi\1.07\curvesapi-1.07.jar;C:\Users\giova\.m2\repository\org\apache\xmlbeans\xmlbeans\5.3.0\xmlbeans-5.3.0.jar;C:\Users\giova\.m2\repository\org\apache\commons\commons-compress\1.27.1\commons-compress-1.27.1.jar;C:\Users\giova\.m2\repository\org\apache\commons\commons-lang3\3.17.0\commons-lang3-3.17.0.jar;C:\Users\giova\.m2\repository\org\apache\poi\poi-ooxml-schemas\4.1.2\poi-ooxml-schemas-4.1.2.jar;"/>
    <property name="java.vm.vendor" value="Oracle Corporation"/>
    <property name="sun.arch.data.model" value="64"/>
    <property name="user.variant" value=""/>
    <property name="java.vendor.url" value="https://java.oracle.com/"/>
    <property name="user.timezone" value="America/Sao_Paulo"/>
    <property name="os.name" value="Windows 10"/>
    <property name="java.vm.specification.version" value="17"/>
    <property name="user.country" value="BR"/>
    <property name="sun.java.launcher" value="SUN_STANDARD"/>
    <property name="sun.boot.library.path" value="C:\Program Files\Java\jdk-17\bin"/>
    <property name="sun.java.command" value="C:\Users\giova\AppData\Local\Temp\surefire8955457705336843495\surefirebooter-20250109194357802_3.jar C:\Users\giova\AppData\Local\Temp\surefire8955457705336843495 2025-01-09T19-43-57_523-jvmRun1 surefire-20250109194357802_1tmp surefire_0-20250109194357802_2tmp"/>
    <property name="jdk.debug" value="release"/>
    <property name="surefire.test.class.path" value="C:\Users\giova\Documents\SistemaDeGerenciamentoDeLivraria-main\Documents\Livraria1\target\test-classes;C:\Users\giova\Documents\SistemaDeGerenciamentoDeLivraria-main\Documents\Livraria1\target\classes;C:\Users\giova\.m2\repository\com\fasterxml\jackson\core\jackson-databind\2.18.2\jackson-databind-2.18.2.jar;C:\Users\giova\.m2\repository\com\fasterxml\jackson\core\jackson-annotations\2.18.2\jackson-annotations-2.18.2.jar;C:\Users\giova\.m2\repository\com\fasterxml\jackson\core\jackson-core\2.18.2\jackson-core-2.18.2.jar;C:\Users\giova\.m2\repository\org\postgresql\postgresql\42.7.4\postgresql-42.7.4.jar;C:\Users\giova\.m2\repository\org\checkerframework\checker-qual\3.42.0\checker-qual-3.42.0.jar;C:\Users\giova\.m2\repository\org\junit\jupiter\junit-jupiter-params\5.11.4\junit-jupiter-params-5.11.4.jar;C:\Users\giova\.m2\repository\org\junit\jupiter\junit-jupiter-api\5.11.4\junit-jupiter-api-5.11.4.jar;C:\Users\giova\.m2\repository\org\opentest4j\opentest4j\1.3.0\opentest4j-1.3.0.jar;C:\Users\giova\.m2\repository\org\junit\platform\junit-platform-commons\1.11.4\junit-platform-commons-1.11.4.jar;C:\Users\giova\.m2\repository\org\apiguardian\apiguardian-api\1.1.2\apiguardian-api-1.1.2.jar;C:\Users\giova\.m2\repository\org\junit\jupiter\junit-jupiter-engine\5.11.4\junit-jupiter-engine-5.11.4.jar;C:\Users\giova\.m2\repository\org\junit\platform\junit-platform-engine\1.11.4\junit-platform-engine-1.11.4.jar;C:\Users\giova\.m2\repository\commons-lang\commons-lang\2.6\commons-lang-2.6.jar;C:\Users\giova\.m2\repository\com\toedter\jcalendar\1.4\jcalendar-1.4.jar;C:\Users\giova\.m2\repository\ch\digitalfondue\basicxlsx\basicxlsx\0.7.1\basicxlsx-0.7.1.jar;C:\Users\giova\.m2\repository\javax\javaee-api\8.0.1\javaee-api-8.0.1.jar;C:\Users\giova\.m2\repository\com\sun\mail\javax.mail\1.6.2\javax.mail-1.6.2.jar;C:\Users\giova\.m2\repository\javax\activation\activation\1.1\activation-1.1.jar;C:\Users\giova\.m2\repository\org\springframework\boot\spring-boot-starter-data-jpa\3.4.1\spring-boot-starter-data-jpa-3.4.1.jar;C:\Users\giova\.m2\repository\org\springframework\boot\spring-boot-starter\3.4.1\spring-boot-starter-3.4.1.jar;C:\Users\giova\.m2\repository\org\springframework\boot\spring-boot\3.4.1\spring-boot-3.4.1.jar;C:\Users\giova\.m2\repository\org\springframework\boot\spring-boot-autoconfigure\3.4.1\spring-boot-autoconfigure-3.4.1.jar;C:\Users\giova\.m2\repository\org\springframework\boot\spring-boot-starter-logging\3.4.1\spring-boot-starter-logging-3.4.1.jar;C:\Users\giova\.m2\repository\ch\qos\logback\logback-classic\1.5.12\logback-classic-1.5.12.jar;C:\Users\giova\.m2\repository\ch\qos\logback\logback-core\1.5.12\logback-core-1.5.12.jar;C:\Users\giova\.m2\repository\org\apache\logging\log4j\log4j-to-slf4j\2.24.3\log4j-to-slf4j-2.24.3.jar;C:\Users\giova\.m2\repository\org\slf4j\jul-to-slf4j\2.0.16\jul-to-slf4j-2.0.16.jar;C:\Users\giova\.m2\repository\jakarta\annotation\jakarta.annotation-api\2.1.1\jakarta.annotation-api-2.1.1.jar;C:\Users\giova\.m2\repository\org\springframework\spring-core\6.2.1\spring-core-6.2.1.jar;C:\Users\giova\.m2\repository\org\springframework\spring-jcl\6.2.1\spring-jcl-6.2.1.jar;C:\Users\giova\.m2\repository\org\yaml\snakeyaml\2.3\snakeyaml-2.3.jar;C:\Users\giova\.m2\repository\org\springframework\boot\spring-boot-starter-jdbc\3.4.1\spring-boot-starter-jdbc-3.4.1.jar;C:\Users\giova\.m2\repository\com\zaxxer\HikariCP\5.1.0\HikariCP-5.1.0.jar;C:\Users\giova\.m2\repository\org\springframework\spring-jdbc\6.2.1\spring-jdbc-6.2.1.jar;C:\Users\giova\.m2\repository\org\hibernate\orm\hibernate-core\6.6.4.Final\hibernate-core-6.6.4.Final.jar;C:\Users\giova\.m2\repository\org\hibernate\common\hibernate-commons-annotations\7.0.3.Final\hibernate-commons-annotations-7.0.3.Final.jar;C:\Users\giova\.m2\repository\com\fasterxml\classmate\1.7.0\classmate-1.7.0.jar;C:\Users\giova\.m2\repository\net\bytebuddy\byte-buddy\1.15.11\byte-buddy-1.15.11.jar;C:\Users\giova\.m2\repository\org\glassfish\jaxb\jaxb-runtime\4.0.5\jaxb-runtime-4.0.5.jar;C:\Users\giova\.m2\repository\org\glassfish\jaxb\jaxb-core\4.0.5\jaxb-core-4.0.5.jar;C:\Users\giova\.m2\repository\org\eclipse\angus\angus-activation\2.0.2\angus-activation-2.0.2.jar;C:\Users\giova\.m2\repository\org\glassfish\jaxb\txw2\4.0.5\txw2-4.0.5.jar;C:\Users\giova\.m2\repository\com\sun\istack\istack-commons-runtime\4.1.2\istack-commons-runtime-4.1.2.jar;C:\Users\giova\.m2\repository\jakarta\inject\jakarta.inject-api\2.0.1\jakarta.inject-api-2.0.1.jar;C:\Users\giova\.m2\repository\org\antlr\antlr4-runtime\4.13.0\antlr4-runtime-4.13.0.jar;C:\Users\giova\.m2\repository\org\springframework\data\spring-data-jpa\3.4.1\spring-data-jpa-3.4.1.jar;C:\Users\giova\.m2\repository\org\springframework\data\spring-data-commons\3.4.1\spring-data-commons-3.4.1.jar;C:\Users\giova\.m2\repository\org\springframework\spring-orm\6.2.1\spring-orm-6.2.1.jar;C:\Users\giova\.m2\repository\org\springframework\spring-context\6.2.1\spring-context-6.2.1.jar;C:\Users\giova\.m2\repository\org\springframework\spring-expression\6.2.1\spring-expression-6.2.1.jar;C:\Users\giova\.m2\repository\io\micrometer\micrometer-observation\1.14.2\micrometer-observation-1.14.2.jar;C:\Users\giova\.m2\repository\io\micrometer\micrometer-commons\1.14.2\micrometer-commons-1.14.2.jar;C:\Users\giova\.m2\repository\org\springframework\spring-aop\6.2.1\spring-aop-6.2.1.jar;C:\Users\giova\.m2\repository\org\springframework\spring-tx\6.2.1\spring-tx-6.2.1.jar;C:\Users\giova\.m2\repository\org\springframework\spring-beans\6.2.1\spring-beans-6.2.1.jar;C:\Users\giova\.m2\repository\org\slf4j\slf4j-api\2.0.16\slf4j-api-2.0.16.jar;C:\Users\giova\.m2\repository\org\springframework\spring-aspects\6.2.1\spring-aspects-6.2.1.jar;C:\Users\giova\.m2\repository\org\aspectj\aspectjweaver\1.9.22.1\aspectjweaver-1.9.22.1.jar;C:\Users\giova\.m2\repository\org\hibernate\search\hibernate-search-mapper-orm\8.0.0.Alpha1\hibernate-search-mapper-orm-8.0.0.Alpha1.jar;C:\Users\giova\.m2\repository\org\hibernate\search\hibernate-search-engine\8.0.0.Alpha1\hibernate-search-engine-8.0.0.Alpha1.jar;C:\Users\giova\.m2\repository\org\hibernate\search\hibernate-search-mapper-pojo-base\8.0.0.Alpha1\hibernate-search-mapper-pojo-base-8.0.0.Alpha1.jar;C:\Users\giova\.m2\repository\org\hibernate\search\hibernate-search-util-common\8.0.0.Alpha1\hibernate-search-util-common-8.0.0.Alpha1.jar;C:\Users\giova\.m2\repository\org\hibernate\models\hibernate-models\0.9.3\hibernate-models-0.9.3.jar;C:\Users\giova\.m2\repository\org\hibernate\models\hibernate-models-jandex\0.9.3\hibernate-models-jandex-0.9.3.jar;C:\Users\giova\.m2\repository\jakarta\persistence\jakarta.persistence-api\3.1.0\jakarta.persistence-api-3.1.0.jar;C:\Users\giova\.m2\repository\jakarta\transaction\jakarta.transaction-api\2.0.1\jakarta.transaction-api-2.0.1.jar;C:\Users\giova\.m2\repository\io\smallrye\jandex\3.2.3\jandex-3.2.3.jar;C:\Users\giova\.m2\repository\org\jboss\logging\jboss-logging\3.6.1.Final\jboss-logging-3.6.1.Final.jar;C:\Users\giova\.m2\repository\jakarta\xml\bind\jakarta.xml.bind-api\4.0.2\jakarta.xml.bind-api-4.0.2.jar;C:\Users\giova\.m2\repository\jakarta\activation\jakarta.activation-api\2.1.3\jakarta.activation-api-2.1.3.jar;C:\Users\giova\.m2\repository\net\sf\jasperreports\jasperreports\7.0.1\jasperreports-7.0.1.jar;C:\Users\giova\.m2\repository\commons-logging\commons-logging\1.3.0\commons-logging-1.3.0.jar;C:\Users\giova\.m2\repository\org\apache\commons\commons-collections4\4.4\commons-collections4-4.4.jar;C:\Users\giova\.m2\repository\com\fasterxml\jackson\dataformat\jackson-dataformat-xml\2.18.2\jackson-dataformat-xml-2.18.2.jar;C:\Users\giova\.m2\repository\org\codehaus\woodstox\stax2-api\4.2.2\stax2-api-4.2.2.jar;C:\Users\giova\.m2\repository\com\fasterxml\woodstox\woodstox-core\7.0.0\woodstox-core-7.0.0.jar;C:\Users\giova\.m2\repository\org\apache\xmlgraphics\batik-anim\1.17\batik-anim-1.17.jar;C:\Users\giova\.m2\repository\org\apache\xmlgraphics\batik-ext\1.17\batik-ext-1.17.jar;C:\Users\giova\.m2\repository\org\apache\xmlgraphics\batik-parser\1.17\batik-parser-1.17.jar;C:\Users\giova\.m2\repository\org\apache\xmlgraphics\batik-shared-resources\1.17\batik-shared-resources-1.17.jar;C:\Users\giova\.m2\repository\org\apache\xmlgraphics\batik-bridge\1.17\batik-bridge-1.17.jar;C:\Users\giova\.m2\repository\org\apache\xmlgraphics\batik-script\1.17\batik-script-1.17.jar;C:\Users\giova\.m2\repository\org\apache\xmlgraphics\batik-xml\1.17\batik-xml-1.17.jar;C:\Users\giova\.m2\repository\org\apache\xmlgraphics\xmlgraphics-commons\2.9\xmlgraphics-commons-2.9.jar;C:\Users\giova\.m2\repository\org\apache\xmlgraphics\batik-dom\1.17\batik-dom-1.17.jar;C:\Users\giova\.m2\repository\org\apache\xmlgraphics\batik-svg-dom\1.17\batik-svg-dom-1.17.jar;C:\Users\giova\.m2\repository\org\apache\xmlgraphics\batik-awt-util\1.17\batik-awt-util-1.17.jar;C:\Users\giova\.m2\repository\org\apache\xmlgraphics\batik-gvt\1.17\batik-gvt-1.17.jar;C:\Users\giova\.m2\repository\org\apache\xmlgraphics\batik-util\1.17\batik-util-1.17.jar;C:\Users\giova\.m2\repository\org\apache\xmlgraphics\batik-i18n\1.17\batik-i18n-1.17.jar;C:\Users\giova\.m2\repository\org\apache\xmlgraphics\batik-constants\1.17\batik-constants-1.17.jar;C:\Users\giova\.m2\repository\org\apache\xmlgraphics\batik-css\1.17\batik-css-1.17.jar;C:\Users\giova\.m2\repository\xml-apis\xml-apis-ext\1.3.04\xml-apis-ext-1.3.04.jar;C:\Users\giova\.m2\repository\commons-beanutils\commons-beanutils\1.9.4\commons-beanutils-1.9.4.jar;C:\Users\giova\.m2\repository\commons-collections\commons-collections\3.2.2\commons-collections-3.2.2.jar;C:\Users\giova\.m2\repository\net\sf\jasperreports\jasperreports-pdf\7.0.1\jasperreports-pdf-7.0.1.jar;C:\Users\giova\.m2\repository\com\github\librepdf\openpdf\1.3.32\openpdf-1.3.32.jar;C:\Users\giova\.m2\repository\com\adobe\xmp\xmpcore\6.1.11\xmpcore-6.1.11.jar;C:\Users\giova\.m2\repository\net\sf\jasperreports\jasperreports-fonts\7.0.1\jasperreports-fonts-7.0.1.jar;C:\Users\giova\.m2\repository\org\apache\poi\poi\5.3.0\poi-5.3.0.jar;C:\Users\giova\.m2\repository\commons-codec\commons-codec\1.17.1\commons-codec-1.17.1.jar;C:\Users\giova\.m2\repository\org\apache\commons\commons-math3\3.6.1\commons-math3-3.6.1.jar;C:\Users\giova\.m2\repository\commons-io\commons-io\2.16.1\commons-io-2.16.1.jar;C:\Users\giova\.m2\repository\com\zaxxer\SparseBitSet\1.3\SparseBitSet-1.3.jar;C:\Users\giova\.m2\repository\org\apache\logging\log4j\log4j-api\2.24.3\log4j-api-2.24.3.jar;C:\Users\giova\.m2\repository\org\apache\poi\poi-ooxml\5.2.3\poi-ooxml-5.2.3.jar;C:\Users\giova\.m2\repository\org\apache\poi\poi-ooxml-lite\5.2.3\poi-ooxml-lite-5.2.3.jar;C:\Users\giova\.m2\repository\com\github\virtuald\curvesapi\1.07\curvesapi-1.07.jar;C:\Users\giova\.m2\repository\org\apache\xmlbeans\xmlbeans\5.3.0\xmlbeans-5.3.0.jar;C:\Users\giova\.m2\repository\org\apache\commons\commons-compress\1.27.1\commons-compress-1.27.1.jar;C:\Users\giova\.m2\repository\org\apache\commons\commons-lang3\3.17.0\commons-lang3-3.17.0.jar;C:\Users\giova\.m2\repository\org\apache\poi\poi-ooxml-schemas\4.1.2\poi-ooxml-schemas-4.1.2.jar;"/>
    <property name="sun.cpu.endian" value="little"/>
    <property name="user.home" value="C:\Users\giova"/>
    <property name="user.language" value="pt"/>
    <property name="java.specification.vendor" value="Oracle Corporation"/>
    <property name="java.version.date" value="2024-07-16"/>
    <property name="java.home" value="C:\Program Files\Java\jdk-17"/>
    <property name="file.separator" value="\"/>
    <property name="basedir" value="C:\Users\giova\Documents\SistemaDeGerenciamentoDeLivraria-main\Documents\Livraria1"/>
    <property name="java.vm.compressedOopsMode" value="Zero based"/>
    <property name="line.separator" value="&#10;"/>
    <property name="java.vm.specification.vendor" value="Oracle Corporation"/>
    <property name="java.specification.name" value="Java Platform API Specification"/>
    <property name="surefire.real.class.path" value="C:\Users\giova\AppData\Local\Temp\surefire8955457705336843495\surefirebooter-20250109194357802_3.jar"/>
    <property name="user.script" value=""/>
    <property name="sun.management.compiler" value="HotSpot 64-Bit Tiered Compilers"/>
    <property name="java.runtime.version" value="17.0.12+8-LTS-286"/>
    <property name="user.name" value="giova"/>
    <property name="path.separator" value=";"/>
    <property name="os.version" value="10.0"/>
    <property name="java.runtime.name" value="Java(TM) SE Runtime Environment"/>
    <property name="file.encoding" value="Cp1252"/>
    <property name="java.vm.name" value="Java HotSpot(TM) 64-Bit Server VM"/>
    <property name="maven.ext.class.path" value="C:\Program Files\NetBeans-24\netbeans\java\maven-nblib\netbeans-eventspy.jar"/>
    <property name="localRepository" value="C:\Users\giova\.m2\repository"/>
    <property name="java.vendor.url.bug" value="https://bugreport.java.com/bugreport/"/>
    <property name="java.io.tmpdir" value="C:\Users\giova\AppData\Local\Temp\"/>
    <property name="java.version" value="17.0.12"/>
    <property name="user.dir" value="C:\Users\giova\Documents\SistemaDeGerenciamentoDeLivraria-main\Documents\Livraria1"/>
    <property name="os.arch" value="amd64"/>
    <property name="java.vm.specification.name" value="Java Virtual Machine Specification"/>
    <property name="sun.os.patch.level" value=""/>
    <property name="native.encoding" value="Cp1252"/>
    <property name="java.library.path" value="C:\Program Files\Java\jdk-17\bin;C:\Windows\Sun\Java\bin;C:\Windows\system32;C:\Windows;C:\Program Files\Common Files\Oracle\Java\javapath;C:\Program Files\Zulu\zulu-21\bin\;C:\Windows\system32;C:\Windows;C:\Windows\System32\Wbem;C:\Windows\System32\WindowsPowerShell\v1.0\;C:\Windows\System32\OpenSSH\;C:\Program Files\nodejs\;C:\Program Files\dotnet\;C:\Program Files\Git\cmd;C:\Users\giova\AppData\Local\Microsoft\WindowsApps;C:\Users\giova\AppData\Local\Programs\Microsoft VS Code\bin;C:\Users\giova\AppData\Roaming\npm;."/>
    <property name="java.vm.info" value="mixed mode, sharing"/>
    <property name="java.vendor" value="Oracle Corporation"/>
    <property name="java.vm.version" value="17.0.12+8-LTS-286"/>
    <property name="sun.io.unicode.encoding" value="UnicodeLittle"/>
    <property name="java.class.version" value="61.0"/>
  </properties>
  <testcase name="testGetConnection" classname="giovanna.projeto.livraria1.src.util.ConnectionFactoryTest" time="0.219"/>
</testsuite>